  01_cout_namespace_cin.cpp
  02_function_int_datatype.cpp
  03_hex_bool.cpp
  04_char_array_string.cpp
  05_ptr_new_delete_dynamic_array.cpp
  06_2dynamic_memory_allocate.cpp
  06_1dynamic_struct_var_str.cpp
  07_for_loop_logical_op.cpp
  08_cctype.cpp
  09_textfile_io.cpp
  10_array_as_func_param.cpp
  11_1_func_ptr.cpp
  11_0_2darray_func_param.cpp
  12_func_overloading.cpp
  13_inline_func.cpp
  14_reference_var.cpp
  15_reference_return.cpp
  16_defailt_parameter.cpp
  17_OOP_개념설명.cpp
  18_class_object_constructor.cpp
  컴파일하고 있습니다...
  19_SLL_by_class_object.cpp
  20_circle_draw_class.cpp
  21_1_class_function_prototype.cpp
  21_0_class_member_function.cpp
  21_PrintData_main.cpp
  21_PrintData.cpp
  22_private_member.cpp
  23_getter_setter_object_for_function.cpp
  24_vector_introduction.cpp
C:\Users\정예린\source\repos\객체기반sw설계\객체기반sw설계\24_vector_introduction.cpp(97,20): warning C4018:  '<': signed 또는 unsigned가 일치하지 않습니다.
  25_vector_operation_sort.cpp
  26_STL_array.cpp
C:\Users\정예린\source\repos\객체기반sw설계\객체기반sw설계\24_vector_introduction.cpp(105,20): warning C4018:  '<': signed 또는 unsigned가 일치하지 않습니다.
C:\Users\정예린\source\repos\객체기반sw설계\객체기반sw설계\26_STL_array.cpp(63,20): warning C4018:  '<': signed 또는 unsigned가 일치하지 않습니다.
C:\Users\정예린\source\repos\객체기반sw설계\객체기반sw설계\26_STL_array.cpp(76,20): warning C4018:  '<': signed 또는 unsigned가 일치하지 않습니다.
  27-30_SFML_intro_part_1.cpp
C:\Users\정예린\source\repos\객체기반sw설계\객체기반sw설계\26_STL_array.cpp(83,20): warning C4018:  '<': signed 또는 unsigned가 일치하지 않습니다.
  31_NPC.cpp
C:\Users\정예린\source\repos\객체기반sw설계\객체기반sw설계\27-30_SFML_intro_part_1.cpp(8,10): error C1083:  포함 파일을 열 수 없습니다. 'SFML/Graphics.hpp': No such file or directory
  31_35_SFML_move_circle_by_keyboard.cpp
C:\Users\정예린\source\repos\객체기반sw설계\객체기반sw설계\31_NPC.h(3,10): error C1083:  포함 파일을 열 수 없습니다. 'SFML/Graphics.hpp': No such file or directory
  31_NPC_SET.cpp
C:\Users\정예린\source\repos\객체기반sw설계\객체기반sw설계\31_35_SFML_move_circle_by_keyboard.cpp(40,10): error C1083:  포함 파일을 열 수 없습니다. 'SFML/Graphics.hpp': No such file or directory
  31_GUN.cpp
C:\Users\정예린\source\repos\객체기반sw설계\객체기반sw설계\31_NPC.h(3,10): error C1083:  포함 파일을 열 수 없습니다. 'SFML/Graphics.hpp': No such file or directory
  36_pointer_intro.cpp
  37_smart_pointer.cpp
  38_this_const_pointer.cpp
  39_const_method.cpp
  컴파일하고 있습니다...
  41_destructor.cpp
  42_call_by_value_reference.cpp
  43_copy_constructor_deep_shallow_copy.cpp
  44_static_variable_function.cpp
  45_singleton_design_pattern.cpp
  46_operator_overloading.cpp
  47_operator_overloading.cpp
  48_friend_function_class.cpp
  49_inheritance.cpp
  50_0_inheritance.cpp
  50_1_Multiple inheritance.cpp
  51_virtual_function.cpp
C:\Users\정예린\source\repos\객체기반sw설계\객체기반sw설계\31_GUN.h(3,10): error C1083:  포함 파일을 열 수 없습니다. 'SFML/Graphics.hpp': No such file or directory
C:\Users\정예린\source\repos\객체기반sw설계\객체기반sw설계\51_virtual_function.cpp(100): error C2259:  'AA': 추상 클래스를 인스턴스화할 수 없습니다.
C:\Users\정예린\source\repos\객체기반sw설계\객체기반sw설계\51_virtual_function.cpp(100): message :  다음 멤버가 원인입니다.
C:\Users\정예린\source\repos\객체기반sw설계\객체기반sw설계\51_virtual_function.cpp(100): message :  'void A::foo(void)': abstract입니다.
  52_File_output_input.cpp
  53_0_File_example_method.cpp
  53_1_fstream_method.cpp
C:\Users\정예린\source\repos\객체기반sw설계\객체기반sw설계\51_virtual_function.cpp(27): message :  'A::foo' 선언을 참조하십시오.
  54_binary_text_file_comparision.cpp
  55_File_Pointer.cpp
  56_exception_banding_try_catch.cpp
C:\Users\정예린\source\repos\객체기반sw설계\객체기반sw설계\53_1_fstream_method.cpp(33,7): warning C4101:  'c' :참조되지 않은 지역 변수입니다.
